<?xml version="1.0" encoding="UTF-8"?>
<testng-results ignored="0" total="1" passed="1" failed="0" skipped="0">
  <reporter-output>
  </reporter-output>
  <suite started-at="2023-08-20T19:31:19 UTC" name="Default suite" finished-at="2023-08-20T19:32:30 UTC" duration-ms="71131">
    <groups>
    </groups>
    <test started-at="2023-08-20T19:31:19 UTC" name="Default test" finished-at="2023-08-20T19:32:30 UTC" duration-ms="71131">
      <class name="register_testcase.RegisterTestpage">
        <test-method signature="setUp()[pri:0, instance:register_testcase.RegisterTestpage@1838ccb8]" started-at="2023-08-20T19:31:19 UTC" name="setUp" finished-at="2023-08-20T19:32:30 UTC" duration-ms="71094" status="PASS">
          <reporter-output>
          </reporter-output>
        </test-method> <!-- setUp -->
      </class> <!-- register_testcase.RegisterTestpage -->
    </test> <!-- Default test -->
  </suite> <!-- Default suite -->
</testng-results>
